<?xml version="1.0" encoding="UTF-8" standalone="no"?>
<testsuite errors="0" failures="1" name="io.cucumber.core.plugin.JUnitFormatter" skipped="0" tests="2" time="0.73">
<testcase classname="User Registration" name="User registration with different data" time="0.169">
<system-out><![CDATA[Given user is on the registration page......................................passed
When user enters following user details.....................................passed
Then user registration must be successfull..................................passed
]]></system-out>
</testcase>
<testcase classname="User Registration" name="User registration with different data with columns" time="0.007">
<failure message="The scenario has pending or undefined step(s)" type="java.lang.Exception"><![CDATA[Given user is on the registration page......................................passed
When user enters following user details with columns........................undefined
Then user registration must be successfull..................................skipped
]]></failure>
</testcase>
</testsuite>
