<?xml version="1.0" encoding="UTF-8"?>
<testng-results ignored="0" total="1" passed="1" failed="0" skipped="0">
  <reporter-output>
  </reporter-output>
  <suite started-at="2021-09-06T19:54:17 IST" name="Default suite" finished-at="2021-09-06T19:54:41 IST" duration-ms="23367">
    <groups>
    </groups>
    <test started-at="2021-09-06T19:54:17 IST" name="Default test" finished-at="2021-09-06T19:54:41 IST" duration-ms="23367">
      <class name="com.learn.automation.HandleFrames">
        <test-method signature="frames()[pri:0, instance:com.learn.automation.HandleFrames@10feca44]" started-at="2021-09-06T19:54:17 IST" name="frames" finished-at="2021-09-06T19:54:40 IST" duration-ms="23245" status="PASS">
          <reporter-output>
          </reporter-output>
        </test-method> <!-- frames -->
      </class> <!-- com.learn.automation.HandleFrames -->
    </test> <!-- Default test -->
  </suite> <!-- Default suite -->
</testng-results>
