<?xml version="1.0" encoding="UTF-8"?>
<testng-results ignored="0" total="1" passed="1" failed="0" skipped="0">
  <reporter-output>
  </reporter-output>
  <suite started-at="2021-10-06T14:43:15 IST" name="Surefire suite" finished-at="2021-10-06T14:43:15 IST" duration-ms="148">
    <groups>
    </groups>
    <test started-at="2021-10-06T14:43:15 IST" name="Surefire test" finished-at="2021-10-06T14:43:15 IST" duration-ms="148">
      <class name="com.learn.automation.AppTest">
        <test-method signature="shouldAnswerWithTrue()" started-at="2021-10-06T14:43:15 IST" name="shouldAnswerWithTrue" finished-at="2021-10-06T14:43:15 IST" duration-ms="34" status="PASS">
          <reporter-output>
          </reporter-output>
        </test-method> <!-- shouldAnswerWithTrue -->
      </class> <!-- com.learn.automation.AppTest -->
    </test> <!-- Surefire test -->
  </suite> <!-- Surefire suite -->
</testng-results>
