<?xml version="1.0" encoding="UTF-8"?>
<testsuite xmlns:xsi="http://www.w3.org/2001/XMLSchema-instance" xsi:noNamespaceSchemaLocation="https://maven.apache.org/surefire/maven-surefire-plugin/xsd/surefire-test-report-3.0.xsd" version="3.0" name="My Accounts page feature" time="35.087" tests="2" errors="0" skipped="0" failures="0">
  <properties>
[...]
</properties>
  <testcase name="Accounts title page" classname="My Accounts page feature" time="23.17">
    <system-out><![CDATA[
Scenario: Accounts title page                        # src/test/resources/features/MyAccountsPage.feature:8
  Given user has already logged into the application # com.qa.stepdefinitions.MyAccountsPageSteps.user_has_already_logged_into_the_application(io.cucumber.datatable.DataTable)
Accounts Page title is My account - My Store
  Given user is on Accounts page                     # com.qa.stepdefinitions.MyAccountsPageSteps.user_is_on_accounts_page()
Title of the page is My account - My Store
  When user gets the title of the page               # com.qa.stepdefinitions.LoginPageSteps.user_gets_the_title_of_the_page()
  Then page title should be "My account - My Store"  # com.qa.stepdefinitions.LoginPageSteps.page_title_should_be(java.lang.String)
]]></system-out>
    <system-err><![CDATA[log4j:WARN No appenders could be found for logger (io.github.bonigarcia.wdm.cache.ResolutionCache).
log4j:WARN Please initialize the log4j system properly.
log4j:WARN See http://logging.apache.org/log4j/1.2/faq.html#noconfig for more info.
Starting ChromeDriver 94.0.4606.61 (418b78f5838ed0b1c69bb4e51ea0252171854915-refs/branch-heads/4606@{#1204}) on port 11064
Only local connections are allowed.
Please see https://chromedriver.chromium.org/security-considerations for suggestions on keeping ChromeDriver safe.
ChromeDriver was started successfully.
Oct 07, 2021 1:25:54 PM org.openqa.selenium.remote.ProtocolHandshake createSession
INFO: Detected dialect: W3C
Oct 07, 2021 1:25:54 PM org.openqa.selenium.devtools.CdpVersionFinder findNearestMatch
WARNING: Unable to find an exact match for CDP version 94, so returning the closest version found: a no-op implementation
Oct 07, 2021 1:25:54 PM org.openqa.selenium.devtools.CdpVersionFinder findNearestMatch
INFO: Unable to find CDP implementation matching 94.
Oct 07, 2021 1:25:54 PM org.openqa.selenium.chromium.ChromiumDriver lambda$new$0
WARNING: Unable to find version of CDP to use for . You may need to include a dependency on a specific version of the CDP using something similar to `org.seleniumhq.selenium:selenium-devtools-v86:4.0.0-alpha-7` where the version ("v86") matches the version of the chromium-based browser you're using and the version number of the artifact is the same as Selenium's.
]]></system-err>
  </testcase>
  <testcase name="Accounts section count" classname="My Accounts page feature" time="11.917">
    <system-out><![CDATA[
Scenario: Accounts section count                     # src/test/resources/features/MyAccountsPage.feature:13
  Given user has already logged into the application # com.qa.stepdefinitions.MyAccountsPageSteps.user_has_already_logged_into_the_application(io.cucumber.datatable.DataTable)
Accounts Page title is My account - My Store
  Given user is on Accounts page                     # com.qa.stepdefinitions.MyAccountsPageSteps.user_is_on_accounts_page()
  Then user gets accounts section                    # com.qa.stepdefinitions.MyAccountsPageSteps.user_gets_accounts_section(io.cucumber.datatable.DataTable)
  And account section count should be 5              # com.qa.stepdefinitions.MyAccountsPageSteps.account_section_count_should_be(java.lang.Integer)
]]></system-out>
    <system-err><![CDATA[Starting ChromeDriver 94.0.4606.61 (418b78f5838ed0b1c69bb4e51ea0252171854915-refs/branch-heads/4606@{#1204}) on port 7299
Only local connections are allowed.
Please see https://chromedriver.chromium.org/security-considerations for suggestions on keeping ChromeDriver safe.
ChromeDriver was started successfully.
Oct 07, 2021 1:26:10 PM org.openqa.selenium.remote.ProtocolHandshake createSession
INFO: Detected dialect: W3C
Oct 07, 2021 1:26:10 PM org.openqa.selenium.devtools.CdpVersionFinder findNearestMatch
WARNING: Unable to find an exact match for CDP version 94, so returning the closest version found: a no-op implementation
Oct 07, 2021 1:26:10 PM org.openqa.selenium.devtools.CdpVersionFinder findNearestMatch
INFO: Unable to find CDP implementation matching 94.
Oct 07, 2021 1:26:10 PM org.openqa.selenium.chromium.ChromiumDriver lambda$new$0
WARNING: Unable to find version of CDP to use for . You may need to include a dependency on a specific version of the CDP using something similar to `org.seleniumhq.selenium:selenium-devtools-v86:4.0.0-alpha-7` where the version ("v86") matches the version of the chromium-based browser you're using and the version number of the artifact is the same as Selenium's.
]]></system-err>
  </testcase>
</testsuite>